Determining if the pthread_create exist failed with the following output:
Change Dir: /home/leiyubiao/dalian/build/CMakeFiles/CMakeTmp

Run Build Command:"/usr/bin/make" "cmTC_e9e73/fast"
/usr/bin/make -f CMakeFiles/cmTC_e9e73.dir/build.make CMakeFiles/cmTC_e9e73.dir/build
make[1]: Entering directory '/home/leiyubiao/dalian/build/CMakeFiles/CMakeTmp'
Building C object CMakeFiles/cmTC_e9e73.dir/CheckSymbolExists.c.o
/usr/bin/cc    -o CMakeFiles/cmTC_e9e73.dir/CheckSymbolExists.c.o   -c /home/leiyubiao/dalian/build/CMakeFiles/CMakeTmp/CheckSymbolExists.c
Linking C executable cmTC_e9e73
/usr/local/lib/python3.6/dist-packages/cmake/data/bin/cmake -E cmake_link_script CMakeFiles/cmTC_e9e73.dir/link.txt --verbose=1
/usr/bin/cc      -rdynamic CMakeFiles/cmTC_e9e73.dir/CheckSymbolExists.c.o  -o cmTC_e9e73 
CMakeFiles/cmTC_e9e73.dir/CheckSymbolExists.c.o：在函数‘main’中：
CheckSymbolExists.c:(.text+0x16)：对‘pthread_create’未定义的引用
collect2: error: ld returned 1 exit status
CMakeFiles/cmTC_e9e73.dir/build.make:97: recipe for target 'cmTC_e9e73' failed
make[1]: *** [cmTC_e9e73] Error 1
make[1]: Leaving directory '/home/leiyubiao/dalian/build/CMakeFiles/CMakeTmp'
Makefile:126: recipe for target 'cmTC_e9e73/fast' failed
make: *** [cmTC_e9e73/fast] Error 2

File /home/leiyubiao/dalian/build/CMakeFiles/CMakeTmp/CheckSymbolExists.c:
/* */
#include <pthread.h>

int main(int argc, char** argv)
{
  (void)argv;
#ifndef pthread_create
  return ((int*)(&pthread_create))[argc];
#else
  (void)argc;
  return 0;
#endif
}

Determining if the function pthread_create exists in the pthreads failed with the following output:
Change Dir: /home/leiyubiao/dalian/build/CMakeFiles/CMakeTmp

Run Build Command:"/usr/bin/make" "cmTC_c17b2/fast"
/usr/bin/make -f CMakeFiles/cmTC_c17b2.dir/build.make CMakeFiles/cmTC_c17b2.dir/build
make[1]: Entering directory '/home/leiyubiao/dalian/build/CMakeFiles/CMakeTmp'
Building C object CMakeFiles/cmTC_c17b2.dir/CheckFunctionExists.c.o
/usr/bin/cc   -DCHECK_FUNCTION_EXISTS=pthread_create   -o CMakeFiles/cmTC_c17b2.dir/CheckFunctionExists.c.o   -c /usr/local/lib/python3.6/dist-packages/cmake/data/share/cmake-3.8/Modules/CheckFunctionExists.c
Linking C executable cmTC_c17b2
/usr/local/lib/python3.6/dist-packages/cmake/data/bin/cmake -E cmake_link_script CMakeFiles/cmTC_c17b2.dir/link.txt --verbose=1
/usr/bin/cc  -DCHECK_FUNCTION_EXISTS=pthread_create    -rdynamic CMakeFiles/cmTC_c17b2.dir/CheckFunctionExists.c.o  -o cmTC_c17b2 -lpthreads 
/usr/bin/ld: 找不到 -lpthreads
collect2: error: ld returned 1 exit status
CMakeFiles/cmTC_c17b2.dir/build.make:97: recipe for target 'cmTC_c17b2' failed
make[1]: *** [cmTC_c17b2] Error 1
make[1]: Leaving directory '/home/leiyubiao/dalian/build/CMakeFiles/CMakeTmp'
Makefile:126: recipe for target 'cmTC_c17b2/fast' failed
make: *** [cmTC_c17b2/fast] Error 2


